SF:lib/core/infra/local_storage/impl/shared_preferences/shared_preferences_impl.dart
DA:8,1
DA:10,1
DA:14,1
DA:18,0
DA:20,1
DA:23,1
DA:25,2
DA:31,1
DA:32,1
DA:36,1
DA:38,1
DA:39,3
DA:41,1
DA:44,1
DA:47,1
DA:49,2
DA:50,4
DA:53,2
DA:56,1
DA:57,2
DA:58,3
LF:21
LH:20
end_of_record
SF:lib/core/infra/network/impl/http/http_network_impl.dart
DA:9,1
DA:12,0
DA:17,1
DA:23,1
DA:25,2
DA:26,3
DA:30,1
DA:38,1
DA:43,3
DA:44,1
DA:45,1
DA:47,1
DA:48,1
DA:50,1
DA:53,1
DA:58,2
DA:59,2
DA:60,2
DA:61,2
DA:62,1
DA:63,2
DA:70,1
DA:71,1
DA:72,1
DA:74,2
DA:76,1
LF:26
LH:25
end_of_record
SF:lib/app/features/cities/data/repositories/cities_repository_impl.dart
DA:8,1
DA:14,1
DA:16,2
DA:18,1
DA:19,5
LF:5
LH:5
end_of_record
SF:lib/app/features/cities/domain/usecases/get_cities_usecase.dart
DA:11,1
DA:19,1
DA:21,3
DA:23,1
DA:24,2
DA:25,1
DA:26,2
DA:28,1
DA:29,2
DA:30,1
DA:33,1
DA:35,1
DA:36,2
DA:37,1
DA:38,1
DA:39,1
DA:40,1
DA:41,1
DA:42,1
DA:43,2
DA:46,1
DA:54,3
DA:58,1
DA:59,2
LF:24
LH:24
end_of_record
SF:lib/app/features/cities/presentation/bloc/cities_bloc.dart
DA:14,1
DA:19,1
DA:20,2
DA:26,1
DA:27,2
DA:29,1
DA:33,1
DA:37,1
DA:38,2
DA:44,2
DA:45,2
DA:48,1
DA:49,1
DA:50,3
DA:53,3
DA:55,1
LF:16
LH:16
end_of_record
SF:lib/app/features/cities/presentation/bloc/cities_event.dart
DA:4,12
DA:6,0
DA:7,0
DA:11,12
DA:15,0
DA:16,0
LF:6
LH:2
end_of_record
SF:lib/app/features/cities/presentation/bloc/cities_state.dart
DA:11,25
DA:19,1
DA:23,1
DA:24,0
DA:25,1
DA:29,1
DA:30,3
LF:7
LH:6
end_of_record
SF:lib/app/features/cities/data/models/city_model.dart
DA:6,8
DA:22,4
DA:23,2
DA:24,2
DA:25,2
DA:26,2
DA:27,2
DA:28,2
DA:31,4
DA:32,2
DA:33,2
DA:34,2
DA:35,2
DA:36,2
DA:37,2
DA:40,2
DA:41,14
LF:17
LH:17
end_of_record
SF:lib/app/features/cities/domain/entities/city.dart
DA:4,19
DA:22,4
DA:23,4
DA:24,4
DA:25,4
DA:26,4
DA:27,4
DA:28,4
DA:29,4
DA:30,4
LF:10
LH:10
end_of_record
SF:lib/core/interfaces/use_case.dart
DA:9,0
DA:10,0
LF:2
LH:0
end_of_record
SF:lib/app/features/weather/domain/entities/forecast.dart
DA:6,5
DA:14,3
DA:15,9
LF:3
LH:3
end_of_record
SF:lib/app/features/weather/domain/entities/weather.dart
DA:4,15
DA:12,6
DA:13,18
LF:3
LH:3
end_of_record
SF:lib/app/features/cities/data/data_sources/local/cities_local_data_source_impl.dart
DA:11,2
DA:15,1
DA:18,1
DA:20,1
DA:22,1
DA:24,4
DA:26,2
DA:28,2
DA:32,1
DA:33,1
DA:38,3
DA:40,2
DA:42,4
DA:44,1
DA:45,1
LF:15
LH:15
end_of_record
SF:lib/app/components/card_tile.dart
DA:4,2
DA:17,2
DA:19,2
DA:21,2
DA:22,2
DA:23,2
DA:24,2
DA:25,4
DA:26,4
LF:9
LH:9
end_of_record
SF:lib/app/components/cloud_icon.dart
DA:4,11
DA:6,1
DA:8,1
DA:10,1
DA:11,1
LF:5
LH:5
end_of_record
SF:lib/app/components/error_message.dart
DA:6,2
DA:13,2
DA:15,2
DA:16,2
DA:19,2
DA:20,2
LF:6
LH:6
end_of_record
SF:lib/app/features/cities/presentation/components/nothing_found.dart
DA:6,11
DA:8,1
LF:2
LH:2
end_of_record
SF:lib/app/features/cities/presentation/screens/cities_screen.dart
DA:16,1
DA:18,1
DA:20,1
DA:22,1
DA:23,1
DA:27,1
DA:28,1
DA:29,1
DA:30,1
DA:35,0
DA:37,1
DA:38,1
DA:39,1
DA:40,1
DA:46,1
DA:48,1
DA:49,1
DA:50,0
DA:54,1
DA:58,1
DA:60,1
DA:63,2
DA:64,1
DA:65,2
DA:67,1
DA:68,1
DA:70,1
DA:71,1
DA:73,2
DA:75,1
DA:77,1
DA:78,1
DA:79,1
DA:80,1
DA:90,1
DA:91,1
DA:92,2
DA:93,1
DA:94,1
DA:95,1
DA:96,1
DA:97,1
DA:98,1
LF:43
LH:41
end_of_record
SF:lib/app/features/weather/infra/routes/weather_route.dart
DA:7,12
DA:9,0
DA:12,1
DA:13,1
DA:15,1
DA:16,1
DA:17,1
DA:18,1
DA:19,1
DA:21,1
DA:23,0
DA:24,0
DA:25,0
DA:26,0
DA:27,0
DA:28,0
DA:33,1
LF:17
LH:10
end_of_record
SF:lib/app/features/cities/utils/cities_utils.dart
DA:4,1
DA:8,3
LF:2
LH:2
end_of_record
SF:lib/app/features/weather/domain/usecases/get_weather_usecase.dart
DA:10,1
DA:16,1
DA:18,2
DA:19,1
DA:20,1
DA:21,1
DA:27,3
DA:37,1
DA:38,4
LF:9
LH:9
end_of_record
SF:lib/app/features/weather/presentation/screens/weather_screen.dart
DA:13,1
DA:26,1
DA:28,1
DA:30,1
DA:31,1
DA:35,1
DA:36,1
DA:37,1
DA:38,1
DA:39,1
DA:45,1
DA:47,1
DA:48,1
DA:49,0
DA:50,0
DA:51,0
DA:52,0
DA:53,0
DA:59,1
DA:65,1
DA:67,1
DA:68,1
DA:69,2
DA:70,1
DA:71,1
DA:73,1
DA:74,1
DA:75,1
DA:76,3
DA:81,3
DA:85,1
DA:88,3
DA:89,1
DA:90,3
DA:92,1
DA:93,1
DA:95,1
DA:96,1
DA:97,1
DA:98,1
DA:103,1
DA:104,1
LF:42
LH:37
end_of_record
SF:lib/app/features/weather/presentation/bloc/weather_state.dart
DA:11,15
DA:19,1
DA:23,1
DA:24,0
DA:25,1
DA:29,1
DA:30,1
DA:31,1
DA:32,1
LF:9
LH:8
end_of_record
SF:lib/app/features/weather/presentation/bloc/weather_event.dart
DA:4,1
DA:6,0
DA:7,0
DA:11,1
DA:21,0
DA:22,0
LF:6
LH:2
end_of_record
SF:lib/app/features/weather/presentation/bloc/weather_bloc.dart
DA:12,1
DA:15,1
DA:16,2
DA:21,1
DA:25,1
DA:26,2
DA:29,2
DA:30,1
DA:31,1
DA:32,1
DA:33,1
DA:37,1
DA:38,1
DA:39,3
DA:40,1
DA:44,3
LF:16
LH:16
end_of_record
SF:lib/core/exceptions/connection_exception.dart
DA:2,11
LF:1
LH:1
end_of_record
SF:lib/app/features/weather/presentation/components/connection_error.dart
DA:6,11
DA:8,1
DA:10,1
LF:3
LH:3
end_of_record
SF:lib/app/features/weather/utils/weather_utils.dart
DA:2,1
DA:4,1
DA:6,1
DA:8,1
DA:10,1
LF:5
LH:5
end_of_record
SF:lib/app/features/weather/data/repositories/weather_repository_impl.dart
DA:12,1
DA:22,1
DA:28,2
DA:30,1
DA:31,2
DA:33,1
DA:34,1
DA:39,2
DA:45,2
DA:50,1
DA:51,2
DA:52,1
DA:54,2
DA:59,1
DA:60,2
DA:61,1
DA:62,1
DA:63,1
DA:64,4
DA:67,2
DA:69,1
DA:72,1
DA:79,1
DA:81,2
LF:24
LH:24
end_of_record
SF:lib/app/features/weather/data/models/local/forecast_local_model.dart
DA:8,3
DA:13,2
DA:14,2
DA:15,4
DA:16,2
DA:17,4
DA:18,4
DA:23,2
DA:24,2
DA:25,4
DA:26,2
DA:27,4
DA:28,4
DA:33,4
DA:34,4
DA:35,2
DA:36,4
DA:37,4
DA:42,4
DA:43,4
DA:44,2
DA:45,4
DA:46,4
DA:54,3
DA:55,9
LF:25
LH:25
end_of_record
SF:lib/app/features/weather/data/models/local/weather_local_model.dart
DA:6,14
DA:11,3
DA:12,3
DA:13,3
DA:14,3
DA:17,6
DA:18,3
DA:19,3
DA:22,6
DA:23,3
DA:24,3
DA:27,6
DA:28,3
DA:29,3
DA:35,4
DA:36,12
LF:16
LH:16
end_of_record
SF:lib/app/features/weather/data/models/remote/forecast_remote_model.dart
DA:7,3
DA:12,2
DA:13,2
DA:14,2
DA:15,4
DA:16,4
DA:19,2
DA:22,10
DA:27,2
DA:28,6
LF:10
LH:10
end_of_record
SF:lib/app/features/weather/data/models/remote/weather_remote_model.dart
DA:7,13
DA:11,3
DA:12,3
DA:13,3
DA:16,6
DA:17,3
DA:19,3
DA:25,3
DA:26,6
LF:9
LH:9
end_of_record
SF:lib/app/features/weather/data/data_sources/local/weather_local_data_source_impl.dart
DA:9,1
DA:15,1
DA:21,2
DA:23,1
DA:26,2
DA:28,2
DA:35,2
DA:39,1
DA:42,2
DA:44,1
DA:47,1
DA:48,3
DA:51,2
DA:55,1
DA:58,2
DA:60,1
DA:63,1
DA:65,2
LF:18
LH:18
end_of_record
SF:lib/app/features/weather/data/data_sources/remote/weather_remote_data_source_impl.dart
DA:9,1
DA:15,1
DA:22,3
DA:25,3
DA:28,2
DA:30,2
DA:34,1
DA:41,3
DA:44,3
DA:47,2
DA:48,4
DA:51,2
LF:12
LH:12
end_of_record
